<?xml version="1.0" encoding="UTF-8"?>
<testng-results ignored="0" total="3" passed="3" failed="0" skipped="0">
  <reporter-output>
  </reporter-output>
  <suite started-at="2024-02-16T15:00:52 IST" name="Suite" finished-at="2024-02-16T15:01:03 IST" duration-ms="11617">
    <groups>
    </groups>
    <test started-at="2024-02-16T15:00:52 IST" name="Test_Chrome" finished-at="2024-02-16T15:01:01 IST" duration-ms="9528">
      <class name="Cross.CrossBrowser">
        <test-method is-config="true" signature="lunchBroeser(java.lang.String)[pri:0, instance:Cross.CrossBrowser@fbd1f6]" started-at="2024-02-16T15:00:52 IST" name="lunchBroeser" finished-at="2024-02-16T15:00:55 IST" duration-ms="3094" status="PASS">
          <params>
            <param index="0">
              <value>
                <![CDATA[chrome]]>
              </value>
            </param>
          </params>
          <reporter-output>
          </reporter-output>
        </test-method> <!-- lunchBroeser -->
        <test-method signature="varifiytitle()[pri:0, instance:Cross.CrossBrowser@fbd1f6]" started-at="2024-02-16T15:00:55 IST" name="varifiytitle" finished-at="2024-02-16T15:00:58 IST" duration-ms="3106" status="PASS">
          <reporter-output>
          </reporter-output>
        </test-method> <!-- varifiytitle -->
        <test-method is-config="true" signature="close()[pri:0, instance:Cross.CrossBrowser@fbd1f6]" started-at="2024-02-16T15:00:58 IST" name="close" finished-at="2024-02-16T15:01:01 IST" duration-ms="3268" status="PASS">
          <reporter-output>
          </reporter-output>
        </test-method> <!-- close -->
      </class> <!-- Cross.CrossBrowser -->
    </test> <!-- Test_Chrome -->
    <test started-at="2024-02-16T15:00:52 IST" name="Test_Msedge" finished-at="2024-02-16T15:01:02 IST" duration-ms="10608">
      <class name="Cross.CrossBrowser">
        <test-method is-config="true" signature="lunchBroeser(java.lang.String)[pri:0, instance:Cross.CrossBrowser@76505305]" started-at="2024-02-16T15:00:52 IST" name="lunchBroeser" finished-at="2024-02-16T15:00:58 IST" duration-ms="6565" status="PASS">
          <params>
            <param index="0">
              <value>
                <![CDATA[msedge]]>
              </value>
            </param>
          </params>
          <reporter-output>
          </reporter-output>
        </test-method> <!-- lunchBroeser -->
        <test-method signature="varifiytitle()[pri:0, instance:Cross.CrossBrowser@76505305]" started-at="2024-02-16T15:00:58 IST" name="varifiytitle" finished-at="2024-02-16T15:01:02 IST" duration-ms="3438" status="PASS">
          <reporter-output>
          </reporter-output>
        </test-method> <!-- varifiytitle -->
        <test-method is-config="true" signature="close()[pri:0, instance:Cross.CrossBrowser@76505305]" started-at="2024-02-16T15:01:02 IST" name="close" finished-at="2024-02-16T15:01:02 IST" duration-ms="559" status="PASS">
          <reporter-output>
          </reporter-output>
        </test-method> <!-- close -->
      </class> <!-- Cross.CrossBrowser -->
    </test> <!-- Test_Msedge -->
    <test started-at="2024-02-16T15:00:52 IST" name="Test_Firefox" finished-at="2024-02-16T15:01:03 IST" duration-ms="11617">
      <class name="Cross.CrossBrowser">
        <test-method is-config="true" signature="lunchBroeser(java.lang.String)[pri:0, instance:Cross.CrossBrowser@5dda768f]" started-at="2024-02-16T15:00:52 IST" name="lunchBroeser" finished-at="2024-02-16T15:01:00 IST" duration-ms="8270" status="PASS">
          <params>
            <param index="0">
              <value>
                <![CDATA[firefox]]>
              </value>
            </param>
          </params>
          <reporter-output>
          </reporter-output>
        </test-method> <!-- lunchBroeser -->
        <test-method signature="varifiytitle()[pri:0, instance:Cross.CrossBrowser@5dda768f]" started-at="2024-02-16T15:01:00 IST" name="varifiytitle" finished-at="2024-02-16T15:01:02 IST" duration-ms="2102" status="PASS">
          <reporter-output>
          </reporter-output>
        </test-method> <!-- varifiytitle -->
        <test-method is-config="true" signature="close()[pri:0, instance:Cross.CrossBrowser@5dda768f]" started-at="2024-02-16T15:01:02 IST" name="close" finished-at="2024-02-16T15:01:03 IST" duration-ms="1201" status="PASS">
          <reporter-output>
          </reporter-output>
        </test-method> <!-- close -->
      </class> <!-- Cross.CrossBrowser -->
    </test> <!-- Test_Firefox -->
  </suite> <!-- Suite -->
</testng-results>
